This file contains any messages produced by compilers while
running configure, to aid debugging if configure makes a mistake.

It was created by obj configure 0.1, which was
generated by GNU Autoconf 2.69.  Invocation command line was

  $ ./configure 

## --------- ##
## Platform. ##
## --------- ##

hostname = denis-Inspiron-15-3567
uname -m = x86_64
uname -r = 5.11.0-34-generic
uname -s = Linux
uname -v = #36~20.04.1-Ubuntu SMP Fri Aug 27 08:06:32 UTC 2021

/usr/bin/uname -p = x86_64
/bin/uname -X     = unknown

/bin/arch              = x86_64
/usr/bin/arch -k       = unknown
/usr/convex/getsysinfo = unknown
/usr/bin/hostinfo      = unknown
/bin/machine           = unknown
/usr/bin/oslevel       = unknown
/bin/universe          = unknown

PATH: /usr/local/sbin
PATH: /usr/local/bin
PATH: /usr/sbin
PATH: /usr/bin
PATH: /sbin
PATH: /bin
PATH: /usr/games
PATH: /usr/local/games
PATH: /snap/bin


## ----------- ##
## Core tests. ##
## ----------- ##

configure:1777: checking for a BSD-compatible install
configure:1845: result: /usr/bin/install -c
configure:1856: checking whether build environment is sane
configure:1911: result: yes
configure:2060: checking for a thread-safe mkdir -p
configure:2099: result: /usr/bin/mkdir -p
configure:2106: checking for gawk
configure:2136: result: no
configure:2106: checking for mawk
configure:2122: found /usr/bin/mawk
configure:2133: result: mawk
configure:2144: checking whether make sets $(MAKE)
configure:2166: result: yes
configure:2195: checking whether make supports nested variables
configure:2212: result: yes
configure:2350: checking whether make supports nested variables
configure:2367: result: yes
configure:2391: checking for python
configure:2409: found /usr/bin/python
configure:2421: result: /usr/bin/python
configure:2442: checking for python version
configure:2449: result: 2.7
configure:2461: checking for python platform
configure:2468: result: linux2
configure:2494: checking for python script directory
configure:2529: result: ${prefix}/lib/python2.7/dist-packages
configure:2538: checking for python extension module directory
configure:2573: result: ${exec_prefix}/lib/python2.7/dist-packages
configure:2696: checking that generated files are newer than configure
configure:2702: result: done
configure:2710: creating ./config.status

## ---------------------- ##
## Running config.status. ##
## ---------------------- ##

This file was extended by obj config.status 0.1, which was
generated by GNU Autoconf 2.69.  Invocation command line was

  CONFIG_FILES    = 
  CONFIG_HEADERS  = 
  CONFIG_LINKS    = 
  CONFIG_COMMANDS = 
  $ ./config.status 

on denis-Inspiron-15-3567

config.status:819: creating Makefile
config.status:805: error: cannot find input file: `src/Makefile.in'

## ---------------- ##
## Cache variables. ##
## ---------------- ##

ac_cv_env_PYTHON_set=
ac_cv_env_PYTHON_value=
ac_cv_env_build_alias_set=
ac_cv_env_build_alias_value=
ac_cv_env_host_alias_set=
ac_cv_env_host_alias_value=
ac_cv_env_target_alias_set=
ac_cv_env_target_alias_value=
ac_cv_path_PYTHON=/usr/bin/python
ac_cv_path_install='/usr/bin/install -c'
ac_cv_path_mkdir=/usr/bin/mkdir
ac_cv_prog_AWK=mawk
ac_cv_prog_make_make_set=yes
am_cv_make_support_nested_variables=yes
am_cv_python_platform=linux2
am_cv_python_pyexecdir='${exec_prefix}/lib/python2.7/dist-packages'
am_cv_python_pythondir='${prefix}/lib/python2.7/dist-packages'
am_cv_python_version=2.7

## ----------------- ##
## Output variables. ##
## ----------------- ##

ACLOCAL='${SHELL} /home/denis/AnjutaProject/obj/missing aclocal-1.16'
AMTAR='$${TAR-tar}'
AM_BACKSLASH='\'
AM_DEFAULT_V='$(AM_DEFAULT_VERBOSITY)'
AM_DEFAULT_VERBOSITY='0'
AM_V='$(V)'
AUTOCONF='${SHELL} /home/denis/AnjutaProject/obj/missing autoconf'
AUTOHEADER='${SHELL} /home/denis/AnjutaProject/obj/missing autoheader'
AUTOMAKE='${SHELL} /home/denis/AnjutaProject/obj/missing automake-1.16'
AWK='mawk'
CYGPATH_W='echo'
DEFS='-DHAVE_CONFIG_H'
ECHO_C=''
ECHO_N='-n'
ECHO_T=''
INSTALL_DATA='${INSTALL} -m 644'
INSTALL_PROGRAM='${INSTALL}'
INSTALL_SCRIPT='${INSTALL}'
INSTALL_STRIP_PROGRAM='$(install_sh) -c -s'
LIBOBJS=''
LIBS=''
LTLIBOBJS=''
MAKEINFO='${SHELL} /home/denis/AnjutaProject/obj/missing makeinfo'
MKDIR_P='/usr/bin/mkdir -p'
PACKAGE='obj'
PACKAGE_BUGREPORT=''
PACKAGE_NAME='obj'
PACKAGE_STRING='obj 0.1'
PACKAGE_TARNAME='obj'
PACKAGE_URL=''
PACKAGE_VERSION='0.1'
PATH_SEPARATOR=':'
PYTHON='/usr/bin/python'
PYTHON_EXEC_PREFIX='${exec_prefix}'
PYTHON_PLATFORM='linux2'
PYTHON_PREFIX='${prefix}'
PYTHON_VERSION='2.7'
SET_MAKE=''
SHELL='/bin/bash'
STRIP=''
VERSION='0.1'
am__isrc=''
am__leading_dot='.'
am__tar='$${TAR-tar} chof - "$$tardir"'
am__untar='$${TAR-tar} xf -'
bindir='${exec_prefix}/bin'
build_alias=''
datadir='${datarootdir}'
datarootdir='${prefix}/share'
docdir='${datarootdir}/doc/${PACKAGE_TARNAME}'
dvidir='${docdir}'
exec_prefix='${prefix}'
host_alias=''
htmldir='${docdir}'
includedir='${prefix}/include'
infodir='${datarootdir}/info'
install_sh='${SHELL} /home/denis/AnjutaProject/obj/install-sh'
libdir='${exec_prefix}/lib'
libexecdir='${exec_prefix}/libexec'
localedir='${datarootdir}/locale'
localstatedir='${prefix}/var'
mandir='${datarootdir}/man'
mkdir_p='$(MKDIR_P)'
oldincludedir='/usr/include'
pdfdir='${docdir}'
pkgpyexecdir='${pyexecdir}/obj'
pkgpythondir='${pythondir}/obj'
prefix='/usr/local'
program_transform_name='s,x,x,'
psdir='${docdir}'
pyexecdir='${exec_prefix}/lib/python2.7/dist-packages'
pythondir='${prefix}/lib/python2.7/dist-packages'
runstatedir='${localstatedir}/run'
sbindir='${exec_prefix}/sbin'
sharedstatedir='${prefix}/com'
sysconfdir='${prefix}/etc'
target_alias=''

## ----------- ##
## confdefs.h. ##
## ----------- ##

/* confdefs.h */
#define PACKAGE_NAME "obj"
#define PACKAGE_TARNAME "obj"
#define PACKAGE_VERSION "0.1"
#define PACKAGE_STRING "obj 0.1"
#define PACKAGE_BUGREPORT ""
#define PACKAGE_URL ""
#define PACKAGE "obj"
#define VERSION "0.1"

configure: exit 1

## ---------------------- ##
## Running config.status. ##
## ---------------------- ##

This file was extended by obj config.status 0.1, which was
generated by GNU Autoconf 2.69.  Invocation command line was

  CONFIG_FILES    = 
  CONFIG_HEADERS  = 
  CONFIG_LINKS    = 
  CONFIG_COMMANDS = 
  $ ./config.status config.h

on denis-Inspiron-15-3567

config.status:819: creating config.h
